<?xml version="1.0" encoding="UTF-8"?>
<testsuite name="SimpleBankSystemTest" tests="1" skipped="0" failures="0" errors="0" timestamp="2025-05-21T21:32:53" hostname="DESKTOP-CDVOG00" time="2.761">
  <properties/>
  <testcase name="start" classname="SimpleBankSystemTest" time="2.761"/>
  <system-out><![CDATA[?[1;31m
Start test 1?[0m
1. Create an account
2. Log into account
0. Exit
> 0
?[1;31m
Start test 2?[0m
1. Create an account
2. Log into account
0. Exit
> 0
?[1;31m
Start test 3?[0m
1. Create an account
2. Log into account
0. Exit
> 0
?[1;31m
Start test 4?[0m
1. Create an account
2. Log into account
0. Exit
> 0
?[1;31m
Start test 5?[0m
1. Create an account
2. Log into account
0. Exit
> 1
Your card has been created
4000005065411283
Your card PIN:
1400
1. Create an account
2. Log into account
0. Exit
> 1
Your card has been created
4000007571264693
Your card PIN:
6742
1. Create an account
2. Log into account
0. Exit
> 1
Your card has been created
4000003933414258
Your card PIN:
6254
1. Create an account
2. Log into account
0. Exit
> 1
Your card has been created
4000001705016004
Your card PIN:
6184
1. Create an account
2. Log into account
0. Exit
> 1
Your card has been created
4000002988718977
Your card PIN:
5325
1. Create an account
2. Log into account
0. Exit
> 0
?[0;34m4000005065411283
?[0m?[0;34m4000007571264693
?[0m?[0;34m4000003933414258
?[0m?[0;34m4000001705016004
?[0m?[0;34m4000002988718977
?[1;31m
Start test 6?[0m
1. Create an account
2. Log into account
0. Exit
> 1
Your card has been created
4000008445437986
Your card PIN:
7852
1. Create an account
2. Log into account
0. Exit
> 2
Enter your card number:
> 4000008445437986
Enter your PIN:
> 7852
You have successfully logged in!

1. Balance
2. Add income
3. Do transfer
4. Close account
5. Log out
0. Exit
> 0
?[1;31m
Start test 7?[0m
1. Create an account
2. Log into account
0. Exit
> 1
Your card has been created
4000004111621003
Your card PIN:
5240
1. Create an account
2. Log into account
0. Exit
> 2
Enter your card number:
> 4000004111621003
Enter your PIN:
> 6420
Wrong card number or PIN!
1. Create an account
2. Log into account
0. Exit
> 0
?[1;31m
Start test 8?[0m
1. Create an account
2. Log into account
0. Exit
> 1
Your card has been created
4000002651839720
Your card PIN:
2878
1. Create an account
2. Log into account
0. Exit
> 2
Enter your card number:
> 400000851202584
Enter your PIN:
> 2878
Wrong card number or PIN!
1. Create an account
2. Log into account
0. Exit
> 0
?[1;31m
Start test 9?[0m
1. Create an account
2. Log into account
0. Exit
> 1
Your card has been created
4000006939930474
Your card PIN:
6048
1. Create an account
2. Log into account
0. Exit
> 2
Enter your card number:
> 4000006939930474
Enter your PIN:
> 6048
You have successfully logged in!

1. Balance
2. Add income
3. Do transfer
4. Close account
5. Log out
0. Exit
> 1
Balance: 0
1. Balance
2. Add income
3. Do transfer
4. Close account
5. Log out
0. Exit
> 0
?[1;31m
Start test 10?[0m
1. Create an account
2. Log into account
0. Exit
> 1
Your card has been created
4000006004126933
Your card PIN:
6317
1. Create an account
2. Log into account
0. Exit
> 2
Enter your card number:
> 4000006004126933
Enter your PIN:
> 6317
You have successfully logged in!

1. Balance
2. Add income
3. Do transfer
4. Close account
5. Log out
0. Exit
> 2
Enter income:
> 10000
1. Balance
2. Add income
3. Do transfer
4. Close account
5. Log out
0. Exit
> 0
1. Create an account
2. Log into account
0. Exit
> 2
Enter your card number:
> 4000006004126933
Enter your PIN:
> 6317
You have successfully logged in!

1. Balance
2. Add income
3. Do transfer
4. Close account
5. Log out
0. Exit
> 2
Enter income:
> 15000
1. Balance
2. Add income
3. Do transfer
4. Close account
5. Log out
0. Exit
> 0
?[1;31m
Start test 11?[0m
1. Create an account
2. Log into account
0. Exit
> 1
Your card has been created
4000009763873661
Your card PIN:
6397
1. Create an account
2. Log into account
0. Exit
> 1
Your card has been created
4000001160275665
Your card PIN:
4102
1. Create an account
2. Log into account
0. Exit
> 2
Enter your card number:
> 4000001160275665
Enter your PIN:
> 4102
You have successfully logged in!

1. Balance
2. Add income
3. Do transfer
4. Close account
5. Log out
0. Exit
> 3
Transfer
Enter card number:
> 2000007269641764
Probably you made a mistake in the card number. Please try again!
1. Balance
2. Add income
3. Do transfer
4. Close account
5. Log out
0. Exit
> 3
Transfer
Enter card number:
> 2000007269641768
Such a card does not exist.
1. Balance
2. Add income
3. Do transfer
4. Close account
5. Log out
0. Exit
> 3
Transfer
Enter card number:
> 4000009763873661
Enter how much money you want to transfer:
> 100000
Not enough money!
1. Balance
2. Add income
3. Do transfer
4. Close account
5. Log out
0. Exit
> 2
Enter income:
> 20000
1. Balance
2. Add income
3. Do transfer
4. Close account
5. Log out
0. Exit
> 3
Transfer
Enter card number:
> 4000009763873661
Enter how much money you want to transfer:
> 10000
1. Balance
2. Add income
3. Do transfer
4. Close account
5. Log out
0. Exit
> 0
?[1;31m
Start test 12?[0m
1. Create an account
2. Log into account
0. Exit
> 1
Your card has been created
4000000141037251
Your card PIN:
2584
1. Create an account
2. Log into account
0. Exit
> 2
Enter your card number:
> 4000000141037251
Enter your PIN:
> 2584
You have successfully logged in!

1. Balance
2. Add income
3. Do transfer
4. Close account
5. Log out
0. Exit
> 4
The account has been closed!
1. Balance
2. Add income
3. Do transfer
4. Close account
5. Log out
0. Exit
> 0
]]></system-out>
  <system-err><![CDATA[]]></system-err>
</testsuite>
